{"status":"success","data":[
	{
		"created": "2021-01-04T21:33:40.68325+0000",
		"file_list_id": "60efd180-7180-4adb-5bc7-8c86f0af5321",
		"file_name": "oRun: hw26_01.sql",
		"homework_no": 26,
		"updated": null
	},
	{
		"created": "2021-01-04T21:33:40.68422+0000",
		"file_list_id": "5bf449da-2aa5-4bf7-5517-ecb0ab4c3668",
		"file_name": "oRun: hw26_02.sql",
		"homework_no": 26,
		"updated": null
	},
	{
		"created": "2021-01-04T21:33:40.68516+0000",
		"file_list_id": "b956081a-06d6-4cd3-7f1a-3c5578082aef",
		"file_name": "oRun: hw26_03.sql",
		"homework_no": 26,
		"updated": null
	},
	{
		"created": "2021-01-04T21:33:40.68618+0000",
		"file_list_id": "ffff84fd-8b21-42c3-4727-10308e5f1159",
		"file_name": "oRun: hw26_04.sql",
		"homework_no": 26,
		"updated": null
	},
	{
		"created": "2021-01-04T21:33:40.68712+0000",
		"file_list_id": "6bb586e9-d97d-443b-4c03-cda968435ec1",
		"file_name": "oRun: hw26_05.sql",
		"homework_no": 26,
		"updated": null
	},
	{
		"created": "2021-01-04T21:33:40.68808+0000",
		"file_list_id": "476d46a6-062d-4d02-7e94-5a86897c93ed",
		"file_name": "oRun: hw26_06.sql",
		"homework_no": 26,
		"updated": null
	},
	{
		"created": "2021-01-04T21:33:40.68899+0000",
		"file_list_id": "b84a40df-3a63-424c-7d0f-b990f69db63e",
		"file_name": "oRun: hw26_07.sql",
		"homework_no": 26,
		"updated": null
	},
	{
		"created": "2021-01-04T21:33:40.68983+0000",
		"file_list_id": "32596404-8544-4562-4bff-4bfe05a481b3",
		"file_name": "oRun: hw26_08.sql",
		"homework_no": 26,
		"updated": null
	},
	{
		"created": "2021-01-04T21:33:40.69067+0000",
		"file_list_id": "64d0350b-90ed-4e0d-645d-e0776bd5014c",
		"file_name": "oRun: hw26_09.sql",
		"homework_no": 26,
		"updated": null
	},
	{
		"created": "2021-01-04T21:33:40.69154+0000",
		"file_list_id": "d36c2568-469f-44c1-686e-19830784398d",
		"file_name": "oRun: hw26_10.sql",
		"homework_no": 26,
		"updated": null
	},
	{
		"created": "2021-01-04T21:33:40.69244+0000",
		"file_list_id": "5d3f7791-45f0-4bcb-4f56-bbb101e4b4fa",
		"file_name": "oRun: hw26_11.sql",
		"homework_no": 26,
		"updated": null
	},
	{
		"created": "2021-01-05T12:37:15.55184+0000",
		"file_list_id": "45ccc5f9-7242-4eea-717e-020dc03ce977",
		"file_name": "oRun: hw26_01.sql",
		"homework_no": 26,
		"updated": null
	},
	{
		"created": "2021-01-05T12:37:15.55274+0000",
		"file_list_id": "4a9dbf1d-48e8-4766-7559-1480f0002179",
		"file_name": "oRun: hw26_02.sql",
		"homework_no": 26,
		"updated": null
	},
	{
		"created": "2021-01-05T12:37:15.55361+0000",
		"file_list_id": "a390e2aa-5560-431d-42e5-8dc6e07ddea4",
		"file_name": "oRun: hw26_03.sql",
		"homework_no": 26,
		"updated": null
	},
	{
		"created": "2021-01-05T12:37:15.55451+0000",
		"file_list_id": "3ca6524c-9b95-4ae4-5be2-48d21b3d98b7",
		"file_name": "oRun: hw26_04.sql",
		"homework_no": 26,
		"updated": null
	},
	{
		"created": "2021-01-05T12:37:15.55536+0000",
		"file_list_id": "eb19b52c-3de3-4fdb-65ab-3a589a3062bc",
		"file_name": "oRun: hw26_05.sql",
		"homework_no": 26,
		"updated": null
	},
	{
		"created": "2021-01-05T12:37:15.5562+0000",
		"file_list_id": "8fc0497c-08aa-411d-7cd3-ae3e44b7ffac",
		"file_name": "oRun: hw26_06.sql",
		"homework_no": 26,
		"updated": null
	},
	{
		"created": "2021-01-05T12:37:15.55699+0000",
		"file_list_id": "f7197aa9-9e8b-402f-4bc0-5a0ea0216888",
		"file_name": "oRun: hw26_07.sql",
		"homework_no": 26,
		"updated": null
	},
	{
		"created": "2021-01-05T12:37:15.55784+0000",
		"file_list_id": "01769c92-1f5e-41c0-720f-f7cb83ae08ba",
		"file_name": "oRun: hw26_08.sql",
		"homework_no": 26,
		"updated": null
	},
	{
		"created": "2021-01-05T12:37:15.55869+0000",
		"file_list_id": "711e13d9-ae93-4c21-437c-18b3ec09e6b6",
		"file_name": "oRun: hw26_09.sql",
		"homework_no": 26,
		"updated": null
	},
	{
		"created": "2021-01-05T12:37:15.55949+0000",
		"file_list_id": "b645cdc9-7158-4b2d-7d2f-0f3bcdfe3628",
		"file_name": "oRun: hw26_10.sql",
		"homework_no": 26,
		"updated": null
	},
	{
		"created": "2021-01-05T12:37:15.56033+0000",
		"file_list_id": "b5a2187f-0775-4288-56b6-3f976cfe70c6",
		"file_name": "oRun: hw26_11.sql",
		"homework_no": 26,
		"updated": null
	},
	{
		"created": "2021-01-05T12:37:50.69738+0000",
		"file_list_id": "06a2a6d5-70e9-4ca2-72b2-a1fdd0dd73e8",
		"file_name": "oRun: hw26_01.sql",
		"homework_no": 26,
		"updated": null
	},
	{
		"created": "2021-01-05T12:37:50.69828+0000",
		"file_list_id": "97b978db-e8f3-459c-5154-c7d8230913f2",
		"file_name": "oRun: hw26_02.sql",
		"homework_no": 26,
		"updated": null
	},
	{
		"created": "2021-01-05T12:37:50.69916+0000",
		"file_list_id": "40b6c2b7-4f1c-45fe-7e9c-d9bcc21d38aa",
		"file_name": "oRun: hw26_03.sql",
		"homework_no": 26,
		"updated": null
	},
	{
		"created": "2021-01-05T12:37:50.70003+0000",
		"file_list_id": "75e5c8de-cdd6-4c1f-7f3c-304ecf61c8af",
		"file_name": "oRun: hw26_04.sql",
		"homework_no": 26,
		"updated": null
	},
	{
		"created": "2021-01-05T12:37:50.70086+0000",
		"file_list_id": "1263fbc1-2eae-4eef-77f6-30a1acd75247",
		"file_name": "oRun: hw26_05.sql",
		"homework_no": 26,
		"updated": null
	},
	{
		"created": "2021-01-05T12:37:50.70171+0000",
		"file_list_id": "b44618a0-f861-4465-757c-347d00881496",
		"file_name": "oRun: hw26_06.sql",
		"homework_no": 26,
		"updated": null
	},
	{
		"created": "2021-01-05T12:37:50.70257+0000",
		"file_list_id": "194a0ccb-453c-4f8f-46f8-67a1b89adc52",
		"file_name": "oRun: hw26_07.sql",
		"homework_no": 26,
		"updated": null
	},
	{
		"created": "2021-01-05T12:37:50.70351+0000",
		"file_list_id": "21940a1b-3956-4241-6c16-c2c36e1c5577",
		"file_name": "oRun: hw26_08.sql",
		"homework_no": 26,
		"updated": null
	},
	{
		"created": "2021-01-05T12:37:50.70466+0000",
		"file_list_id": "1cc4f103-7ed0-40c2-4783-23cf6ab2ea8a",
		"file_name": "oRun: hw26_09.sql",
		"homework_no": 26,
		"updated": null
	},
	{
		"created": "2021-01-05T12:37:50.70561+0000",
		"file_list_id": "05e0ea25-b5a6-468c-7af9-d8976b8181d1",
		"file_name": "oRun: hw26_10.sql",
		"homework_no": 26,
		"updated": null
	},
	{
		"created": "2021-01-05T12:37:50.70664+0000",
		"file_list_id": "5b57b012-a08b-4f39-480e-7f6064011f12",
		"file_name": "oRun: hw26_11.sql",
		"homework_no": 26,
		"updated": null
	},
	{
		"created": "2021-01-05T12:38:38.72975+0000",
		"file_list_id": "8ae436f2-5782-40b4-6ad1-00640f33a826",
		"file_name": "oRun: hw26_01.sql",
		"homework_no": 26,
		"updated": null
	},
	{
		"created": "2021-01-05T12:38:38.7306+0000",
		"file_list_id": "46b08a85-1784-4299-7570-e291ba2d0879",
		"file_name": "oRun: hw26_02.sql",
		"homework_no": 26,
		"updated": null
	},
	{
		"created": "2021-01-05T12:38:38.73147+0000",
		"file_list_id": "5474844f-b728-4c39-61ba-68f645a0fc1f",
		"file_name": "oRun: hw26_03.sql",
		"homework_no": 26,
		"updated": null
	},
	{
		"created": "2021-01-05T12:38:38.73227+0000",
		"file_list_id": "12321f16-1c54-4c19-6d18-7b18cc1670c8",
		"file_name": "oRun: hw26_04.sql",
		"homework_no": 26,
		"updated": null
	},
	{
		"created": "2021-01-05T12:38:38.73309+0000",
		"file_list_id": "78ac8165-deb0-4c5d-7240-3df2adb22616",
		"file_name": "oRun: hw26_05.sql",
		"homework_no": 26,
		"updated": null
	},
	{
		"created": "2021-01-05T12:38:38.73391+0000",
		"file_list_id": "30e4e2e5-de59-4783-5d98-ee1c16eaf96b",
		"file_name": "oRun: hw26_06.sql",
		"homework_no": 26,
		"updated": null
	},
	{
		"created": "2021-01-05T12:38:38.73475+0000",
		"file_list_id": "8ebe979f-cabe-4073-6de1-073f09b297c5",
		"file_name": "oRun: hw26_07.sql",
		"homework_no": 26,
		"updated": null
	},
	{
		"created": "2021-01-05T12:38:38.73561+0000",
		"file_list_id": "54de4018-e874-4e95-785c-7a5d64c3bdef",
		"file_name": "oRun: hw26_08.sql",
		"homework_no": 26,
		"updated": null
	},
	{
		"created": "2021-01-05T12:38:38.73645+0000",
		"file_list_id": "9b06f29a-495d-4736-7fc4-238bbedb11ae",
		"file_name": "oRun: hw26_09.sql",
		"homework_no": 26,
		"updated": null
	},
	{
		"created": "2021-01-05T12:38:38.73731+0000",
		"file_list_id": "53464f38-03a5-4d73-4e41-4ce7be54387b",
		"file_name": "oRun: hw26_10.sql",
		"homework_no": 26,
		"updated": null
	},
	{
		"created": "2021-01-05T12:38:38.73812+0000",
		"file_list_id": "8eeef2fa-4ce4-44fa-702a-a1a5dfc72cff",
		"file_name": "oRun: hw26_11.sql",
		"homework_no": 26,
		"updated": null
	},
	{
		"created": "2021-01-05T12:44:11.88525+0000",
		"file_list_id": "beb272a0-c223-4e09-746c-9765fc3fff52",
		"file_name": "oRun: hw26_01.sql",
		"homework_no": 26,
		"updated": null
	},
	{
		"created": "2021-01-05T12:44:11.88618+0000",
		"file_list_id": "88c10ee8-123b-4319-6dee-171d0956e7fc",
		"file_name": "oRun: hw26_02.sql",
		"homework_no": 26,
		"updated": null
	},
	{
		"created": "2021-01-05T12:44:11.88711+0000",
		"file_list_id": "10547f09-cb65-4a38-6e14-f4ecf6ef5310",
		"file_name": "oRun: hw26_03.sql",
		"homework_no": 26,
		"updated": null
	},
	{
		"created": "2021-01-05T12:44:11.888+0000",
		"file_list_id": "3bd13606-a557-437c-64f9-b8ee3f535400",
		"file_name": "oRun: hw26_04.sql",
		"homework_no": 26,
		"updated": null
	},
	{
		"created": "2021-01-05T12:44:11.88891+0000",
		"file_list_id": "c85431c3-d266-43ac-7a07-aec5e0e34e4a",
		"file_name": "oRun: hw26_05.sql",
		"homework_no": 26,
		"updated": null
	},
	{
		"created": "2021-01-05T12:44:11.88981+0000",
		"file_list_id": "20a5eda8-902f-402c-5fe2-2b2e06cba864",
		"file_name": "oRun: hw26_06.sql",
		"homework_no": 26,
		"updated": null
	},
	{
		"created": "2021-01-05T12:44:11.89072+0000",
		"file_list_id": "1f4952f5-76cd-4a46-6e8a-e12a9ceb4ab7",
		"file_name": "oRun: hw26_07.sql",
		"homework_no": 26,
		"updated": null
	},
	{
		"created": "2021-01-05T12:44:11.89161+0000",
		"file_list_id": "fad8a91e-beb7-43de-5ed8-486e360414c5",
		"file_name": "oRun: hw26_08.sql",
		"homework_no": 26,
		"updated": null
	},
	{
		"created": "2021-01-05T12:44:11.89248+0000",
		"file_list_id": "d3303359-2470-4c57-586c-11d175baa552",
		"file_name": "oRun: hw26_09.sql",
		"homework_no": 26,
		"updated": null
	},
	{
		"created": "2021-01-05T12:44:11.89339+0000",
		"file_list_id": "c409d888-f0b8-4082-6549-debd2031cd53",
		"file_name": "oRun: hw26_10.sql",
		"homework_no": 26,
		"updated": null
	},
	{
		"created": "2021-01-05T12:44:11.89426+0000",
		"file_list_id": "14f00f5d-15d0-4e05-7fb9-15f8a45c22ec",
		"file_name": "oRun: hw26_11.sql",
		"homework_no": 26,
		"updated": null
	},
	{
		"created": "2021-01-05T12:47:32.33929+0000",
		"file_list_id": "b3b084ed-16ec-4d37-7aea-ba3ffd4554b2",
		"file_name": "oRun: hw26_01.sql",
		"homework_no": 26,
		"updated": null
	},
	{
		"created": "2021-01-05T12:47:32.34012+0000",
		"file_list_id": "45f22134-f38b-4837-5dae-352ddce3dbeb",
		"file_name": "oRun: hw26_02.sql",
		"homework_no": 26,
		"updated": null
	},
	{
		"created": "2021-01-05T12:47:32.34095+0000",
		"file_list_id": "688f6353-1071-47b0-42ce-c00050fe3949",
		"file_name": "oRun: hw26_03.sql",
		"homework_no": 26,
		"updated": null
	},
	{
		"created": "2021-01-05T12:47:32.3418+0000",
		"file_list_id": "19f6e6f3-33d0-4489-71b9-a65bc5f6a854",
		"file_name": "oRun: hw26_04.sql",
		"homework_no": 26,
		"updated": null
	},
	{
		"created": "2021-01-05T12:47:32.34266+0000",
		"file_list_id": "fa44ae00-2b87-4f07-5458-e9e836614947",
		"file_name": "oRun: hw26_05.sql",
		"homework_no": 26,
		"updated": null
	},
	{
		"created": "2021-01-05T12:47:32.34353+0000",
		"file_list_id": "dec3510b-38b4-47a5-4ad5-69ce6465e80d",
		"file_name": "oRun: hw26_06.sql",
		"homework_no": 26,
		"updated": null
	},
	{
		"created": "2021-01-05T12:47:32.34438+0000",
		"file_list_id": "b8eab8b1-042c-4127-5097-3431a078df7e",
		"file_name": "oRun: hw26_07.sql",
		"homework_no": 26,
		"updated": null
	},
	{
		"created": "2021-01-05T12:47:32.34521+0000",
		"file_list_id": "89f1188e-e3e7-4669-59ae-4e49a2746a87",
		"file_name": "oRun: hw26_08.sql",
		"homework_no": 26,
		"updated": null
	},
	{
		"created": "2021-01-05T12:47:32.34609+0000",
		"file_list_id": "923e412e-ad6b-4806-72c7-ac8f8dbd4799",
		"file_name": "oRun: hw26_09.sql",
		"homework_no": 26,
		"updated": null
	},
	{
		"created": "2021-01-05T12:47:32.347+0000",
		"file_list_id": "2c960995-ace5-4a2f-5d18-266ca169fef8",
		"file_name": "oRun: hw26_10.sql",
		"homework_no": 26,
		"updated": null
	},
	{
		"created": "2021-01-05T12:47:32.34786+0000",
		"file_list_id": "5085c63c-470d-4c18-73c5-f0e3fd41bc37",
		"file_name": "oRun: hw26_11.sql",
		"homework_no": 26,
		"updated": null
	}
]}