{"status":"success","data":[
	{
		"created": "2021-01-04T21:33:40.52916+0000",
		"file_list_id": "2731d1e9-2863-4773-615c-a1e454d3a498",
		"file_name": "oRun: hw13_4.sql",
		"homework_no": 13,
		"updated": null
	},
	{
		"created": "2021-01-04T21:33:40.68325+0000",
		"file_list_id": "60efd180-7180-4adb-5bc7-8c86f0af5321",
		"file_name": "oRun: hw26_01.sql",
		"homework_no": 26,
		"updated": null
	},
	{
		"created": "2021-01-04T21:33:40.68422+0000",
		"file_list_id": "5bf449da-2aa5-4bf7-5517-ecb0ab4c3668",
		"file_name": "oRun: hw26_02.sql",
		"homework_no": 26,
		"updated": null
	},
	{
		"created": "2021-01-04T21:33:40.68516+0000",
		"file_list_id": "b956081a-06d6-4cd3-7f1a-3c5578082aef",
		"file_name": "oRun: hw26_03.sql",
		"homework_no": 26,
		"updated": null
	},
	{
		"created": "2021-01-04T21:33:40.68618+0000",
		"file_list_id": "ffff84fd-8b21-42c3-4727-10308e5f1159",
		"file_name": "oRun: hw26_04.sql",
		"homework_no": 26,
		"updated": null
	},
	{
		"created": "2021-01-04T21:33:40.68712+0000",
		"file_list_id": "6bb586e9-d97d-443b-4c03-cda968435ec1",
		"file_name": "oRun: hw26_05.sql",
		"homework_no": 26,
		"updated": null
	},
	{
		"created": "2021-01-04T21:33:40.68808+0000",
		"file_list_id": "476d46a6-062d-4d02-7e94-5a86897c93ed",
		"file_name": "oRun: hw26_06.sql",
		"homework_no": 26,
		"updated": null
	},
	{
		"created": "2021-01-04T21:33:40.68899+0000",
		"file_list_id": "b84a40df-3a63-424c-7d0f-b990f69db63e",
		"file_name": "oRun: hw26_07.sql",
		"homework_no": 26,
		"updated": null
	},
	{
		"created": "2021-01-04T21:33:40.68983+0000",
		"file_list_id": "32596404-8544-4562-4bff-4bfe05a481b3",
		"file_name": "oRun: hw26_08.sql",
		"homework_no": 26,
		"updated": null
	},
	{
		"created": "2021-01-04T21:33:40.69067+0000",
		"file_list_id": "64d0350b-90ed-4e0d-645d-e0776bd5014c",
		"file_name": "oRun: hw26_09.sql",
		"homework_no": 26,
		"updated": null
	},
	{
		"created": "2021-01-04T21:33:40.69154+0000",
		"file_list_id": "d36c2568-469f-44c1-686e-19830784398d",
		"file_name": "oRun: hw26_10.sql",
		"homework_no": 26,
		"updated": null
	},
	{
		"created": "2021-01-04T21:33:40.69244+0000",
		"file_list_id": "5d3f7791-45f0-4bcb-4f56-bbb101e4b4fa",
		"file_name": "oRun: hw26_11.sql",
		"homework_no": 26,
		"updated": null
	}
]}