{
	"Status": "success",
	"MsgSet": [
		{
			"Msg": "ok",
			"Stmt": "drop TABLE if exists \"t_ymux_auth_token\"",
			"NRowsUpdated": 0
		},
		{
			"Msg": "ok",
			"Stmt": "CREATE TABLE \"t_ymux_auth_token\" (\n\t  \"id\"\t\t\t\t\tuuid DEFAULT uuid_generate_v4() not null primary key\n\t, \"user_id\"\t\t\t\tuuid not null\n\t, \"updated\" \t\t\ttimestamp\n\t, \"created\" \t\t\ttimestamp default current_timestamp not null\n)",
			"NRowsUpdated": 0
		},
		{
			"Msg": "ok",
			"Stmt": "COMMENT ON TABLE \"t_ymux_auth_token\" IS 'version: b14871d878aa2f9fbaa35f4ad2c6c2baf9584c06 tag: v0.1.9 build_date: Fri Dec 11 14:30:43 MST 2020'",
			"NRowsUpdated": 0
		},
		{
			"Msg": "ok",
			"Stmt": "create index \"t_ymux_auth_token_p1\" on \"t_ymux_auth_token\" ( \"user_id\" )",
			"NRowsUpdated": 0
		},
		{
			"Msg": "ok",
			"Stmt": "create index \"t_ymux_auth_token_p2\" on \"t_ymux_auth_token\" ( \"created\" )",
			"NRowsUpdated": 0
		},
		{
			"Msg": "ok",
			"Stmt": "ALTER TABLE \"t_ymux_auth_token\"\n\tADD CONSTRAINT \"t_ymux_auth_token_user_id_fk1\"\n\tFOREIGN KEY (\"user_id\")\n\tREFERENCES \"t_ymux_user\" (\"id\")",
			"NRowsUpdated": 0
		},
		{
			"Msg": "ok",
			"Stmt": "CREATE OR REPLACE function t_ymux_auth_token_upd()\nRETURNS trigger AS $$\nBEGIN\n\t-- version: b14871d878aa2f9fbaa35f4ad2c6c2baf9584c06 tag: v0.1.9 build_date: Fri Dec 11 14:30:43 MST 2020\n\tNEW.updated := current_timestamp;\n\tRETURN NEW;\nEND\n$$ LANGUAGE 'plpgsql'",
			"NRowsUpdated": 0
		},
		{
			"Msg": "ok",
			"Stmt": "CREATE TRIGGER t_ymux_auth_token_trig\nBEFORE update ON \"t_ymux_auth_token\"\nFOR EACH ROW\nEXECUTE PROCEDURE t_ymux_auth_token_upd()",
			"NRowsUpdated": 0
		}
	]
}